<?xml version="1.0" encoding="UTF-8"?>
<testsuite xmlns:xsi="http://www.w3.org/2001/XMLSchema-instance" xsi:noNamespaceSchemaLocation="https://maven.apache.org/surefire/maven-surefire-plugin/xsd/surefire-test-report.xsd" name="com.qiuzhao.blog.BlogApplicationTests" time="6.745" tests="1" errors="0" skipped="0" failures="0">
  <properties>
    <property name="sun.desktop" value="windows"/>
    <property name="awt.toolkit" value="sun.awt.windows.WToolkit"/>
    <property name="file.encoding.pkg" value="sun.io"/>
    <property name="java.specification.version" value="1.8"/>
    <property name="sun.cpu.isalist" value="amd64"/>
    <property name="sun.jnu.encoding" value="GBK"/>
    <property name="java.class.path" value="E:\Myself\Code\JavaWeb\MyBlog\target\test-classes;E:\Myself\Code\JavaWeb\MyBlog\target\classes;E:\Study\Hadoop Study\apache-maven-3.6.0\repository\com\google\code\gson\gson\2.8.5\gson-2.8.5.jar;E:\Study\Hadoop Study\apache-maven-3.6.0\repository\org\springframework\boot\spring-boot-starter-aop\2.2.4.RELEASE\spring-boot-starter-aop-2.2.4.RELEASE.jar;E:\Study\Hadoop Study\apache-maven-3.6.0\repository\org\springframework\boot\spring-boot-starter\2.2.4.RELEASE\spring-boot-starter-2.2.4.RELEASE.jar;E:\Study\Hadoop Study\apache-maven-3.6.0\repository\org\springframework\boot\spring-boot-starter-logging\2.2.4.RELEASE\spring-boot-starter-logging-2.2.4.RELEASE.jar;E:\Study\Hadoop Study\apache-maven-3.6.0\repository\ch\qos\logback\logback-classic\1.2.3\logback-classic-1.2.3.jar;E:\Study\Hadoop Study\apache-maven-3.6.0\repository\ch\qos\logback\logback-core\1.2.3\logback-core-1.2.3.jar;E:\Study\Hadoop Study\apache-maven-3.6.0\repository\org\apache\logging\log4j\log4j-to-slf4j\2.12.1\log4j-to-slf4j-2.12.1.jar;E:\Study\Hadoop Study\apache-maven-3.6.0\repository\org\apache\logging\log4j\log4j-api\2.12.1\log4j-api-2.12.1.jar;E:\Study\Hadoop Study\apache-maven-3.6.0\repository\org\slf4j\jul-to-slf4j\1.7.30\jul-to-slf4j-1.7.30.jar;E:\Study\Hadoop Study\apache-maven-3.6.0\repository\jakarta\annotation\jakarta.annotation-api\1.3.5\jakarta.annotation-api-1.3.5.jar;E:\Study\Hadoop Study\apache-maven-3.6.0\repository\org\yaml\snakeyaml\1.25\snakeyaml-1.25.jar;E:\Study\Hadoop Study\apache-maven-3.6.0\repository\org\springframework\spring-aop\5.2.3.RELEASE\spring-aop-5.2.3.RELEASE.jar;E:\Study\Hadoop Study\apache-maven-3.6.0\repository\org\springframework\spring-beans\5.2.3.RELEASE\spring-beans-5.2.3.RELEASE.jar;E:\Study\Hadoop Study\apache-maven-3.6.0\repository\org\aspectj\aspectjweaver\1.9.5\aspectjweaver-1.9.5.jar;E:\Study\Hadoop Study\apache-maven-3.6.0\repository\org\springframework\boot\spring-boot-starter-jdbc\2.2.4.RELEASE\spring-boot-starter-jdbc-2.2.4.RELEASE.jar;E:\Study\Hadoop Study\apache-maven-3.6.0\repository\com\zaxxer\HikariCP\3.4.2\HikariCP-3.4.2.jar;E:\Study\Hadoop Study\apache-maven-3.6.0\repository\org\slf4j\slf4j-api\1.7.30\slf4j-api-1.7.30.jar;E:\Study\Hadoop Study\apache-maven-3.6.0\repository\org\springframework\spring-jdbc\5.2.3.RELEASE\spring-jdbc-5.2.3.RELEASE.jar;E:\Study\Hadoop Study\apache-maven-3.6.0\repository\org\springframework\spring-tx\5.2.3.RELEASE\spring-tx-5.2.3.RELEASE.jar;E:\Study\Hadoop Study\apache-maven-3.6.0\repository\org\springframework\boot\spring-boot-starter-thymeleaf\2.2.4.RELEASE\spring-boot-starter-thymeleaf-2.2.4.RELEASE.jar;E:\Study\Hadoop Study\apache-maven-3.6.0\repository\org\thymeleaf\thymeleaf-spring5\3.0.11.RELEASE\thymeleaf-spring5-3.0.11.RELEASE.jar;E:\Study\Hadoop Study\apache-maven-3.6.0\repository\org\thymeleaf\thymeleaf\3.0.11.RELEASE\thymeleaf-3.0.11.RELEASE.jar;E:\Study\Hadoop Study\apache-maven-3.6.0\repository\org\attoparser\attoparser\2.0.5.RELEASE\attoparser-2.0.5.RELEASE.jar;E:\Study\Hadoop Study\apache-maven-3.6.0\repository\org\unbescape\unbescape\1.1.6.RELEASE\unbescape-1.1.6.RELEASE.jar;E:\Study\Hadoop Study\apache-maven-3.6.0\repository\org\thymeleaf\extras\thymeleaf-extras-java8time\3.0.4.RELEASE\thymeleaf-extras-java8time-3.0.4.RELEASE.jar;E:\Study\Hadoop Study\apache-maven-3.6.0\repository\org\springframework\boot\spring-boot-starter-web\2.2.4.RELEASE\spring-boot-starter-web-2.2.4.RELEASE.jar;E:\Study\Hadoop Study\apache-maven-3.6.0\repository\org\springframework\boot\spring-boot-starter-json\2.2.4.RELEASE\spring-boot-starter-json-2.2.4.RELEASE.jar;E:\Study\Hadoop Study\apache-maven-3.6.0\repository\com\fasterxml\jackson\core\jackson-databind\2.10.2\jackson-databind-2.10.2.jar;E:\Study\Hadoop Study\apache-maven-3.6.0\repository\com\fasterxml\jackson\core\jackson-annotations\2.10.2\jackson-annotations-2.10.2.jar;E:\Study\Hadoop Study\apache-maven-3.6.0\repository\com\fasterxml\jackson\core\jackson-core\2.10.2\jackson-core-2.10.2.jar;E:\Study\Hadoop Study\apache-maven-3.6.0\repository\com\fasterxml\jackson\datatype\jackson-datatype-jdk8\2.10.2\jackson-datatype-jdk8-2.10.2.jar;E:\Study\Hadoop Study\apache-maven-3.6.0\repository\com\fasterxml\jackson\datatype\jackson-datatype-jsr310\2.10.2\jackson-datatype-jsr310-2.10.2.jar;E:\Study\Hadoop Study\apache-maven-3.6.0\repository\com\fasterxml\jackson\module\jackson-module-parameter-names\2.10.2\jackson-module-parameter-names-2.10.2.jar;E:\Study\Hadoop Study\apache-maven-3.6.0\repository\org\springframework\boot\spring-boot-starter-tomcat\2.2.4.RELEASE\spring-boot-starter-tomcat-2.2.4.RELEASE.jar;E:\Study\Hadoop Study\apache-maven-3.6.0\repository\org\apache\tomcat\embed\tomcat-embed-core\9.0.30\tomcat-embed-core-9.0.30.jar;E:\Study\Hadoop Study\apache-maven-3.6.0\repository\org\apache\tomcat\embed\tomcat-embed-el\9.0.30\tomcat-embed-el-9.0.30.jar;E:\Study\Hadoop Study\apache-maven-3.6.0\repository\org\apache\tomcat\embed\tomcat-embed-websocket\9.0.30\tomcat-embed-websocket-9.0.30.jar;E:\Study\Hadoop Study\apache-maven-3.6.0\repository\org\springframework\boot\spring-boot-starter-validation\2.2.4.RELEASE\spring-boot-starter-validation-2.2.4.RELEASE.jar;E:\Study\Hadoop Study\apache-maven-3.6.0\repository\jakarta\validation\jakarta.validation-api\2.0.2\jakarta.validation-api-2.0.2.jar;E:\Study\Hadoop Study\apache-maven-3.6.0\repository\org\hibernate\validator\hibernate-validator\6.0.18.Final\hibernate-validator-6.0.18.Final.jar;E:\Study\Hadoop Study\apache-maven-3.6.0\repository\org\springframework\spring-web\5.2.3.RELEASE\spring-web-5.2.3.RELEASE.jar;E:\Study\Hadoop Study\apache-maven-3.6.0\repository\org\springframework\spring-webmvc\5.2.3.RELEASE\spring-webmvc-5.2.3.RELEASE.jar;E:\Study\Hadoop Study\apache-maven-3.6.0\repository\org\springframework\spring-context\5.2.3.RELEASE\spring-context-5.2.3.RELEASE.jar;E:\Study\Hadoop Study\apache-maven-3.6.0\repository\org\springframework\spring-expression\5.2.3.RELEASE\spring-expression-5.2.3.RELEASE.jar;E:\Study\Hadoop Study\apache-maven-3.6.0\repository\org\mybatis\spring\boot\mybatis-spring-boot-starter\2.1.1\mybatis-spring-boot-starter-2.1.1.jar;E:\Study\Hadoop Study\apache-maven-3.6.0\repository\org\mybatis\spring\boot\mybatis-spring-boot-autoconfigure\2.1.1\mybatis-spring-boot-autoconfigure-2.1.1.jar;E:\Study\Hadoop Study\apache-maven-3.6.0\repository\org\mybatis\mybatis\3.5.3\mybatis-3.5.3.jar;E:\Study\Hadoop Study\apache-maven-3.6.0\repository\org\mybatis\mybatis-spring\2.0.3\mybatis-spring-2.0.3.jar;E:\Study\Hadoop Study\apache-maven-3.6.0\repository\org\springframework\boot\spring-boot-starter-data-jpa\2.2.4.RELEASE\spring-boot-starter-data-jpa-2.2.4.RELEASE.jar;E:\Study\Hadoop Study\apache-maven-3.6.0\repository\jakarta\activation\jakarta.activation-api\1.2.1\jakarta.activation-api-1.2.1.jar;E:\Study\Hadoop Study\apache-maven-3.6.0\repository\jakarta\persistence\jakarta.persistence-api\2.2.3\jakarta.persistence-api-2.2.3.jar;E:\Study\Hadoop Study\apache-maven-3.6.0\repository\jakarta\transaction\jakarta.transaction-api\1.3.3\jakarta.transaction-api-1.3.3.jar;E:\Study\Hadoop Study\apache-maven-3.6.0\repository\org\hibernate\hibernate-core\5.4.10.Final\hibernate-core-5.4.10.Final.jar;E:\Study\Hadoop Study\apache-maven-3.6.0\repository\org\jboss\logging\jboss-logging\3.4.1.Final\jboss-logging-3.4.1.Final.jar;E:\Study\Hadoop Study\apache-maven-3.6.0\repository\org\javassist\javassist\3.24.0-GA\javassist-3.24.0-GA.jar;E:\Study\Hadoop Study\apache-maven-3.6.0\repository\net\bytebuddy\byte-buddy\1.10.6\byte-buddy-1.10.6.jar;E:\Study\Hadoop Study\apache-maven-3.6.0\repository\antlr\antlr\2.7.7\antlr-2.7.7.jar;E:\Study\Hadoop Study\apache-maven-3.6.0\repository\org\jboss\jandex\2.1.1.Final\jandex-2.1.1.Final.jar;E:\Study\Hadoop Study\apache-maven-3.6.0\repository\com\fasterxml\classmate\1.5.1\classmate-1.5.1.jar;E:\Study\Hadoop Study\apache-maven-3.6.0\repository\org\dom4j\dom4j\2.1.1\dom4j-2.1.1.jar;E:\Study\Hadoop Study\apache-maven-3.6.0\repository\org\hibernate\common\hibernate-commons-annotations\5.1.0.Final\hibernate-commons-annotations-5.1.0.Final.jar;E:\Study\Hadoop Study\apache-maven-3.6.0\repository\org\glassfish\jaxb\jaxb-runtime\2.3.2\jaxb-runtime-2.3.2.jar;E:\Study\Hadoop Study\apache-maven-3.6.0\repository\org\glassfish\jaxb\txw2\2.3.2\txw2-2.3.2.jar;E:\Study\Hadoop Study\apache-maven-3.6.0\repository\com\sun\istack\istack-commons-runtime\3.0.8\istack-commons-runtime-3.0.8.jar;E:\Study\Hadoop Study\apache-maven-3.6.0\repository\org\jvnet\staxex\stax-ex\1.8.1\stax-ex-1.8.1.jar;E:\Study\Hadoop Study\apache-maven-3.6.0\repository\com\sun\xml\fastinfoset\FastInfoset\1.2.16\FastInfoset-1.2.16.jar;E:\Study\Hadoop Study\apache-maven-3.6.0\repository\org\springframework\data\spring-data-jpa\2.2.4.RELEASE\spring-data-jpa-2.2.4.RELEASE.jar;E:\Study\Hadoop Study\apache-maven-3.6.0\repository\org\springframework\data\spring-data-commons\2.2.4.RELEASE\spring-data-commons-2.2.4.RELEASE.jar;E:\Study\Hadoop Study\apache-maven-3.6.0\repository\org\springframework\spring-orm\5.2.3.RELEASE\spring-orm-5.2.3.RELEASE.jar;E:\Study\Hadoop Study\apache-maven-3.6.0\repository\org\springframework\spring-aspects\5.2.3.RELEASE\spring-aspects-5.2.3.RELEASE.jar;E:\Study\Hadoop Study\apache-maven-3.6.0\repository\com\github\pagehelper\pagehelper\5.1.2\pagehelper-5.1.2.jar;E:\Study\Hadoop Study\apache-maven-3.6.0\repository\com\github\jsqlparser\jsqlparser\1.0\jsqlparser-1.0.jar;E:\Study\Hadoop Study\apache-maven-3.6.0\repository\org\springframework\boot\spring-boot-devtools\2.2.4.RELEASE\spring-boot-devtools-2.2.4.RELEASE.jar;E:\Study\Hadoop Study\apache-maven-3.6.0\repository\org\springframework\boot\spring-boot\2.2.4.RELEASE\spring-boot-2.2.4.RELEASE.jar;E:\Study\Hadoop Study\apache-maven-3.6.0\repository\org\springframework\boot\spring-boot-autoconfigure\2.2.4.RELEASE\spring-boot-autoconfigure-2.2.4.RELEASE.jar;E:\Study\Hadoop Study\apache-maven-3.6.0\repository\mysql\mysql-connector-java\8.0.18\mysql-connector-java-8.0.18.jar;E:\Study\Hadoop Study\apache-maven-3.6.0\repository\org\springframework\boot\spring-boot-configuration-processor\2.2.4.RELEASE\spring-boot-configuration-processor-2.2.4.RELEASE.jar;E:\Study\Hadoop Study\apache-maven-3.6.0\repository\com\atlassian\commonmark\commonmark\0.14.0\commonmark-0.14.0.jar;E:\Study\Hadoop Study\apache-maven-3.6.0\repository\com\atlassian\commonmark\commonmark-ext-gfm-tables\0.14.0\commonmark-ext-gfm-tables-0.14.0.jar;E:\Study\Hadoop Study\apache-maven-3.6.0\repository\com\atlassian\commonmark\commonmark-ext-heading-anchor\0.14.0\commonmark-ext-heading-anchor-0.14.0.jar;E:\Study\Hadoop Study\apache-maven-3.6.0\repository\org\springframework\boot\spring-boot-starter-test\2.2.4.RELEASE\spring-boot-starter-test-2.2.4.RELEASE.jar;E:\Study\Hadoop Study\apache-maven-3.6.0\repository\org\springframework\boot\spring-boot-test\2.2.4.RELEASE\spring-boot-test-2.2.4.RELEASE.jar;E:\Study\Hadoop Study\apache-maven-3.6.0\repository\org\springframework\boot\spring-boot-test-autoconfigure\2.2.4.RELEASE\spring-boot-test-autoconfigure-2.2.4.RELEASE.jar;E:\Study\Hadoop Study\apache-maven-3.6.0\repository\com\jayway\jsonpath\json-path\2.4.0\json-path-2.4.0.jar;E:\Study\Hadoop Study\apache-maven-3.6.0\repository\net\minidev\json-smart\2.3\json-smart-2.3.jar;E:\Study\Hadoop Study\apache-maven-3.6.0\repository\net\minidev\accessors-smart\1.2\accessors-smart-1.2.jar;E:\Study\Hadoop Study\apache-maven-3.6.0\repository\org\ow2\asm\asm\5.0.4\asm-5.0.4.jar;E:\Study\Hadoop Study\apache-maven-3.6.0\repository\jakarta\xml\bind\jakarta.xml.bind-api\2.3.2\jakarta.xml.bind-api-2.3.2.jar;E:\Study\Hadoop Study\apache-maven-3.6.0\repository\org\junit\jupiter\junit-jupiter\5.5.2\junit-jupiter-5.5.2.jar;E:\Study\Hadoop Study\apache-maven-3.6.0\repository\org\junit\jupiter\junit-jupiter-api\5.5.2\junit-jupiter-api-5.5.2.jar;E:\Study\Hadoop Study\apache-maven-3.6.0\repository\org\apiguardian\apiguardian-api\1.1.0\apiguardian-api-1.1.0.jar;E:\Study\Hadoop Study\apache-maven-3.6.0\repository\org\opentest4j\opentest4j\1.2.0\opentest4j-1.2.0.jar;E:\Study\Hadoop Study\apache-maven-3.6.0\repository\org\junit\platform\junit-platform-commons\1.5.2\junit-platform-commons-1.5.2.jar;E:\Study\Hadoop Study\apache-maven-3.6.0\repository\org\junit\jupiter\junit-jupiter-params\5.5.2\junit-jupiter-params-5.5.2.jar;E:\Study\Hadoop Study\apache-maven-3.6.0\repository\org\junit\jupiter\junit-jupiter-engine\5.5.2\junit-jupiter-engine-5.5.2.jar;E:\Study\Hadoop Study\apache-maven-3.6.0\repository\org\junit\platform\junit-platform-engine\1.5.2\junit-platform-engine-1.5.2.jar;E:\Study\Hadoop Study\apache-maven-3.6.0\repository\org\mockito\mockito-junit-jupiter\3.1.0\mockito-junit-jupiter-3.1.0.jar;E:\Study\Hadoop Study\apache-maven-3.6.0\repository\org\assertj\assertj-core\3.13.2\assertj-core-3.13.2.jar;E:\Study\Hadoop Study\apache-maven-3.6.0\repository\org\hamcrest\hamcrest\2.1\hamcrest-2.1.jar;E:\Study\Hadoop Study\apache-maven-3.6.0\repository\org\mockito\mockito-core\3.1.0\mockito-core-3.1.0.jar;E:\Study\Hadoop Study\apache-maven-3.6.0\repository\net\bytebuddy\byte-buddy-agent\1.10.6\byte-buddy-agent-1.10.6.jar;E:\Study\Hadoop Study\apache-maven-3.6.0\repository\org\objenesis\objenesis\2.6\objenesis-2.6.jar;E:\Study\Hadoop Study\apache-maven-3.6.0\repository\org\skyscreamer\jsonassert\1.5.0\jsonassert-1.5.0.jar;E:\Study\Hadoop Study\apache-maven-3.6.0\repository\com\vaadin\external\google\android-json\0.0.20131108.vaadin1\android-json-0.0.20131108.vaadin1.jar;E:\Study\Hadoop Study\apache-maven-3.6.0\repository\org\springframework\spring-core\5.2.3.RELEASE\spring-core-5.2.3.RELEASE.jar;E:\Study\Hadoop Study\apache-maven-3.6.0\repository\org\springframework\spring-jcl\5.2.3.RELEASE\spring-jcl-5.2.3.RELEASE.jar;E:\Study\Hadoop Study\apache-maven-3.6.0\repository\org\springframework\spring-test\5.2.3.RELEASE\spring-test-5.2.3.RELEASE.jar;E:\Study\Hadoop Study\apache-maven-3.6.0\repository\org\xmlunit\xmlunit-core\2.6.3\xmlunit-core-2.6.3.jar;"/>
    <property name="java.vm.vendor" value="Oracle Corporation"/>
    <property name="sun.arch.data.model" value="64"/>
    <property name="user.variant" value=""/>
    <property name="java.vendor.url" value="http://java.oracle.com/"/>
    <property name="user.timezone" value="Asia/Shanghai"/>
    <property name="java.vm.specification.version" value="1.8"/>
    <property name="os.name" value="Windows 10"/>
    <property name="user.country" value="CN"/>
    <property name="sun.java.launcher" value="SUN_STANDARD"/>
    <property name="sun.boot.library.path" value="E:\Study\Java\JDK\jre\bin"/>
    <property name="sun.java.command" value="C:\Users\86157\AppData\Local\Temp\surefire2513846688477467558\surefirebooter2313017710622131116.jar C:\Users\86157\AppData\Local\Temp\surefire2513846688477467558 2020-04-25T14-32-45_763-jvmRun1 surefire113075972599492650tmp surefire_08571017996253236885tmp"/>
    <property name="surefire.test.class.path" value="E:\Myself\Code\JavaWeb\MyBlog\target\test-classes;E:\Myself\Code\JavaWeb\MyBlog\target\classes;E:\Study\Hadoop Study\apache-maven-3.6.0\repository\com\google\code\gson\gson\2.8.5\gson-2.8.5.jar;E:\Study\Hadoop Study\apache-maven-3.6.0\repository\org\springframework\boot\spring-boot-starter-aop\2.2.4.RELEASE\spring-boot-starter-aop-2.2.4.RELEASE.jar;E:\Study\Hadoop Study\apache-maven-3.6.0\repository\org\springframework\boot\spring-boot-starter\2.2.4.RELEASE\spring-boot-starter-2.2.4.RELEASE.jar;E:\Study\Hadoop Study\apache-maven-3.6.0\repository\org\springframework\boot\spring-boot-starter-logging\2.2.4.RELEASE\spring-boot-starter-logging-2.2.4.RELEASE.jar;E:\Study\Hadoop Study\apache-maven-3.6.0\repository\ch\qos\logback\logback-classic\1.2.3\logback-classic-1.2.3.jar;E:\Study\Hadoop Study\apache-maven-3.6.0\repository\ch\qos\logback\logback-core\1.2.3\logback-core-1.2.3.jar;E:\Study\Hadoop Study\apache-maven-3.6.0\repository\org\apache\logging\log4j\log4j-to-slf4j\2.12.1\log4j-to-slf4j-2.12.1.jar;E:\Study\Hadoop Study\apache-maven-3.6.0\repository\org\apache\logging\log4j\log4j-api\2.12.1\log4j-api-2.12.1.jar;E:\Study\Hadoop Study\apache-maven-3.6.0\repository\org\slf4j\jul-to-slf4j\1.7.30\jul-to-slf4j-1.7.30.jar;E:\Study\Hadoop Study\apache-maven-3.6.0\repository\jakarta\annotation\jakarta.annotation-api\1.3.5\jakarta.annotation-api-1.3.5.jar;E:\Study\Hadoop Study\apache-maven-3.6.0\repository\org\yaml\snakeyaml\1.25\snakeyaml-1.25.jar;E:\Study\Hadoop Study\apache-maven-3.6.0\repository\org\springframework\spring-aop\5.2.3.RELEASE\spring-aop-5.2.3.RELEASE.jar;E:\Study\Hadoop Study\apache-maven-3.6.0\repository\org\springframework\spring-beans\5.2.3.RELEASE\spring-beans-5.2.3.RELEASE.jar;E:\Study\Hadoop Study\apache-maven-3.6.0\repository\org\aspectj\aspectjweaver\1.9.5\aspectjweaver-1.9.5.jar;E:\Study\Hadoop Study\apache-maven-3.6.0\repository\org\springframework\boot\spring-boot-starter-jdbc\2.2.4.RELEASE\spring-boot-starter-jdbc-2.2.4.RELEASE.jar;E:\Study\Hadoop Study\apache-maven-3.6.0\repository\com\zaxxer\HikariCP\3.4.2\HikariCP-3.4.2.jar;E:\Study\Hadoop Study\apache-maven-3.6.0\repository\org\slf4j\slf4j-api\1.7.30\slf4j-api-1.7.30.jar;E:\Study\Hadoop Study\apache-maven-3.6.0\repository\org\springframework\spring-jdbc\5.2.3.RELEASE\spring-jdbc-5.2.3.RELEASE.jar;E:\Study\Hadoop Study\apache-maven-3.6.0\repository\org\springframework\spring-tx\5.2.3.RELEASE\spring-tx-5.2.3.RELEASE.jar;E:\Study\Hadoop Study\apache-maven-3.6.0\repository\org\springframework\boot\spring-boot-starter-thymeleaf\2.2.4.RELEASE\spring-boot-starter-thymeleaf-2.2.4.RELEASE.jar;E:\Study\Hadoop Study\apache-maven-3.6.0\repository\org\thymeleaf\thymeleaf-spring5\3.0.11.RELEASE\thymeleaf-spring5-3.0.11.RELEASE.jar;E:\Study\Hadoop Study\apache-maven-3.6.0\repository\org\thymeleaf\thymeleaf\3.0.11.RELEASE\thymeleaf-3.0.11.RELEASE.jar;E:\Study\Hadoop Study\apache-maven-3.6.0\repository\org\attoparser\attoparser\2.0.5.RELEASE\attoparser-2.0.5.RELEASE.jar;E:\Study\Hadoop Study\apache-maven-3.6.0\repository\org\unbescape\unbescape\1.1.6.RELEASE\unbescape-1.1.6.RELEASE.jar;E:\Study\Hadoop Study\apache-maven-3.6.0\repository\org\thymeleaf\extras\thymeleaf-extras-java8time\3.0.4.RELEASE\thymeleaf-extras-java8time-3.0.4.RELEASE.jar;E:\Study\Hadoop Study\apache-maven-3.6.0\repository\org\springframework\boot\spring-boot-starter-web\2.2.4.RELEASE\spring-boot-starter-web-2.2.4.RELEASE.jar;E:\Study\Hadoop Study\apache-maven-3.6.0\repository\org\springframework\boot\spring-boot-starter-json\2.2.4.RELEASE\spring-boot-starter-json-2.2.4.RELEASE.jar;E:\Study\Hadoop Study\apache-maven-3.6.0\repository\com\fasterxml\jackson\core\jackson-databind\2.10.2\jackson-databind-2.10.2.jar;E:\Study\Hadoop Study\apache-maven-3.6.0\repository\com\fasterxml\jackson\core\jackson-annotations\2.10.2\jackson-annotations-2.10.2.jar;E:\Study\Hadoop Study\apache-maven-3.6.0\repository\com\fasterxml\jackson\core\jackson-core\2.10.2\jackson-core-2.10.2.jar;E:\Study\Hadoop Study\apache-maven-3.6.0\repository\com\fasterxml\jackson\datatype\jackson-datatype-jdk8\2.10.2\jackson-datatype-jdk8-2.10.2.jar;E:\Study\Hadoop Study\apache-maven-3.6.0\repository\com\fasterxml\jackson\datatype\jackson-datatype-jsr310\2.10.2\jackson-datatype-jsr310-2.10.2.jar;E:\Study\Hadoop Study\apache-maven-3.6.0\repository\com\fasterxml\jackson\module\jackson-module-parameter-names\2.10.2\jackson-module-parameter-names-2.10.2.jar;E:\Study\Hadoop Study\apache-maven-3.6.0\repository\org\springframework\boot\spring-boot-starter-tomcat\2.2.4.RELEASE\spring-boot-starter-tomcat-2.2.4.RELEASE.jar;E:\Study\Hadoop Study\apache-maven-3.6.0\repository\org\apache\tomcat\embed\tomcat-embed-core\9.0.30\tomcat-embed-core-9.0.30.jar;E:\Study\Hadoop Study\apache-maven-3.6.0\repository\org\apache\tomcat\embed\tomcat-embed-el\9.0.30\tomcat-embed-el-9.0.30.jar;E:\Study\Hadoop Study\apache-maven-3.6.0\repository\org\apache\tomcat\embed\tomcat-embed-websocket\9.0.30\tomcat-embed-websocket-9.0.30.jar;E:\Study\Hadoop Study\apache-maven-3.6.0\repository\org\springframework\boot\spring-boot-starter-validation\2.2.4.RELEASE\spring-boot-starter-validation-2.2.4.RELEASE.jar;E:\Study\Hadoop Study\apache-maven-3.6.0\repository\jakarta\validation\jakarta.validation-api\2.0.2\jakarta.validation-api-2.0.2.jar;E:\Study\Hadoop Study\apache-maven-3.6.0\repository\org\hibernate\validator\hibernate-validator\6.0.18.Final\hibernate-validator-6.0.18.Final.jar;E:\Study\Hadoop Study\apache-maven-3.6.0\repository\org\springframework\spring-web\5.2.3.RELEASE\spring-web-5.2.3.RELEASE.jar;E:\Study\Hadoop Study\apache-maven-3.6.0\repository\org\springframework\spring-webmvc\5.2.3.RELEASE\spring-webmvc-5.2.3.RELEASE.jar;E:\Study\Hadoop Study\apache-maven-3.6.0\repository\org\springframework\spring-context\5.2.3.RELEASE\spring-context-5.2.3.RELEASE.jar;E:\Study\Hadoop Study\apache-maven-3.6.0\repository\org\springframework\spring-expression\5.2.3.RELEASE\spring-expression-5.2.3.RELEASE.jar;E:\Study\Hadoop Study\apache-maven-3.6.0\repository\org\mybatis\spring\boot\mybatis-spring-boot-starter\2.1.1\mybatis-spring-boot-starter-2.1.1.jar;E:\Study\Hadoop Study\apache-maven-3.6.0\repository\org\mybatis\spring\boot\mybatis-spring-boot-autoconfigure\2.1.1\mybatis-spring-boot-autoconfigure-2.1.1.jar;E:\Study\Hadoop Study\apache-maven-3.6.0\repository\org\mybatis\mybatis\3.5.3\mybatis-3.5.3.jar;E:\Study\Hadoop Study\apache-maven-3.6.0\repository\org\mybatis\mybatis-spring\2.0.3\mybatis-spring-2.0.3.jar;E:\Study\Hadoop Study\apache-maven-3.6.0\repository\org\springframework\boot\spring-boot-starter-data-jpa\2.2.4.RELEASE\spring-boot-starter-data-jpa-2.2.4.RELEASE.jar;E:\Study\Hadoop Study\apache-maven-3.6.0\repository\jakarta\activation\jakarta.activation-api\1.2.1\jakarta.activation-api-1.2.1.jar;E:\Study\Hadoop Study\apache-maven-3.6.0\repository\jakarta\persistence\jakarta.persistence-api\2.2.3\jakarta.persistence-api-2.2.3.jar;E:\Study\Hadoop Study\apache-maven-3.6.0\repository\jakarta\transaction\jakarta.transaction-api\1.3.3\jakarta.transaction-api-1.3.3.jar;E:\Study\Hadoop Study\apache-maven-3.6.0\repository\org\hibernate\hibernate-core\5.4.10.Final\hibernate-core-5.4.10.Final.jar;E:\Study\Hadoop Study\apache-maven-3.6.0\repository\org\jboss\logging\jboss-logging\3.4.1.Final\jboss-logging-3.4.1.Final.jar;E:\Study\Hadoop Study\apache-maven-3.6.0\repository\org\javassist\javassist\3.24.0-GA\javassist-3.24.0-GA.jar;E:\Study\Hadoop Study\apache-maven-3.6.0\repository\net\bytebuddy\byte-buddy\1.10.6\byte-buddy-1.10.6.jar;E:\Study\Hadoop Study\apache-maven-3.6.0\repository\antlr\antlr\2.7.7\antlr-2.7.7.jar;E:\Study\Hadoop Study\apache-maven-3.6.0\repository\org\jboss\jandex\2.1.1.Final\jandex-2.1.1.Final.jar;E:\Study\Hadoop Study\apache-maven-3.6.0\repository\com\fasterxml\classmate\1.5.1\classmate-1.5.1.jar;E:\Study\Hadoop Study\apache-maven-3.6.0\repository\org\dom4j\dom4j\2.1.1\dom4j-2.1.1.jar;E:\Study\Hadoop Study\apache-maven-3.6.0\repository\org\hibernate\common\hibernate-commons-annotations\5.1.0.Final\hibernate-commons-annotations-5.1.0.Final.jar;E:\Study\Hadoop Study\apache-maven-3.6.0\repository\org\glassfish\jaxb\jaxb-runtime\2.3.2\jaxb-runtime-2.3.2.jar;E:\Study\Hadoop Study\apache-maven-3.6.0\repository\org\glassfish\jaxb\txw2\2.3.2\txw2-2.3.2.jar;E:\Study\Hadoop Study\apache-maven-3.6.0\repository\com\sun\istack\istack-commons-runtime\3.0.8\istack-commons-runtime-3.0.8.jar;E:\Study\Hadoop Study\apache-maven-3.6.0\repository\org\jvnet\staxex\stax-ex\1.8.1\stax-ex-1.8.1.jar;E:\Study\Hadoop Study\apache-maven-3.6.0\repository\com\sun\xml\fastinfoset\FastInfoset\1.2.16\FastInfoset-1.2.16.jar;E:\Study\Hadoop Study\apache-maven-3.6.0\repository\org\springframework\data\spring-data-jpa\2.2.4.RELEASE\spring-data-jpa-2.2.4.RELEASE.jar;E:\Study\Hadoop Study\apache-maven-3.6.0\repository\org\springframework\data\spring-data-commons\2.2.4.RELEASE\spring-data-commons-2.2.4.RELEASE.jar;E:\Study\Hadoop Study\apache-maven-3.6.0\repository\org\springframework\spring-orm\5.2.3.RELEASE\spring-orm-5.2.3.RELEASE.jar;E:\Study\Hadoop Study\apache-maven-3.6.0\repository\org\springframework\spring-aspects\5.2.3.RELEASE\spring-aspects-5.2.3.RELEASE.jar;E:\Study\Hadoop Study\apache-maven-3.6.0\repository\com\github\pagehelper\pagehelper\5.1.2\pagehelper-5.1.2.jar;E:\Study\Hadoop Study\apache-maven-3.6.0\repository\com\github\jsqlparser\jsqlparser\1.0\jsqlparser-1.0.jar;E:\Study\Hadoop Study\apache-maven-3.6.0\repository\org\springframework\boot\spring-boot-devtools\2.2.4.RELEASE\spring-boot-devtools-2.2.4.RELEASE.jar;E:\Study\Hadoop Study\apache-maven-3.6.0\repository\org\springframework\boot\spring-boot\2.2.4.RELEASE\spring-boot-2.2.4.RELEASE.jar;E:\Study\Hadoop Study\apache-maven-3.6.0\repository\org\springframework\boot\spring-boot-autoconfigure\2.2.4.RELEASE\spring-boot-autoconfigure-2.2.4.RELEASE.jar;E:\Study\Hadoop Study\apache-maven-3.6.0\repository\mysql\mysql-connector-java\8.0.18\mysql-connector-java-8.0.18.jar;E:\Study\Hadoop Study\apache-maven-3.6.0\repository\org\springframework\boot\spring-boot-configuration-processor\2.2.4.RELEASE\spring-boot-configuration-processor-2.2.4.RELEASE.jar;E:\Study\Hadoop Study\apache-maven-3.6.0\repository\com\atlassian\commonmark\commonmark\0.14.0\commonmark-0.14.0.jar;E:\Study\Hadoop Study\apache-maven-3.6.0\repository\com\atlassian\commonmark\commonmark-ext-gfm-tables\0.14.0\commonmark-ext-gfm-tables-0.14.0.jar;E:\Study\Hadoop Study\apache-maven-3.6.0\repository\com\atlassian\commonmark\commonmark-ext-heading-anchor\0.14.0\commonmark-ext-heading-anchor-0.14.0.jar;E:\Study\Hadoop Study\apache-maven-3.6.0\repository\org\springframework\boot\spring-boot-starter-test\2.2.4.RELEASE\spring-boot-starter-test-2.2.4.RELEASE.jar;E:\Study\Hadoop Study\apache-maven-3.6.0\repository\org\springframework\boot\spring-boot-test\2.2.4.RELEASE\spring-boot-test-2.2.4.RELEASE.jar;E:\Study\Hadoop Study\apache-maven-3.6.0\repository\org\springframework\boot\spring-boot-test-autoconfigure\2.2.4.RELEASE\spring-boot-test-autoconfigure-2.2.4.RELEASE.jar;E:\Study\Hadoop Study\apache-maven-3.6.0\repository\com\jayway\jsonpath\json-path\2.4.0\json-path-2.4.0.jar;E:\Study\Hadoop Study\apache-maven-3.6.0\repository\net\minidev\json-smart\2.3\json-smart-2.3.jar;E:\Study\Hadoop Study\apache-maven-3.6.0\repository\net\minidev\accessors-smart\1.2\accessors-smart-1.2.jar;E:\Study\Hadoop Study\apache-maven-3.6.0\repository\org\ow2\asm\asm\5.0.4\asm-5.0.4.jar;E:\Study\Hadoop Study\apache-maven-3.6.0\repository\jakarta\xml\bind\jakarta.xml.bind-api\2.3.2\jakarta.xml.bind-api-2.3.2.jar;E:\Study\Hadoop Study\apache-maven-3.6.0\repository\org\junit\jupiter\junit-jupiter\5.5.2\junit-jupiter-5.5.2.jar;E:\Study\Hadoop Study\apache-maven-3.6.0\repository\org\junit\jupiter\junit-jupiter-api\5.5.2\junit-jupiter-api-5.5.2.jar;E:\Study\Hadoop Study\apache-maven-3.6.0\repository\org\apiguardian\apiguardian-api\1.1.0\apiguardian-api-1.1.0.jar;E:\Study\Hadoop Study\apache-maven-3.6.0\repository\org\opentest4j\opentest4j\1.2.0\opentest4j-1.2.0.jar;E:\Study\Hadoop Study\apache-maven-3.6.0\repository\org\junit\platform\junit-platform-commons\1.5.2\junit-platform-commons-1.5.2.jar;E:\Study\Hadoop Study\apache-maven-3.6.0\repository\org\junit\jupiter\junit-jupiter-params\5.5.2\junit-jupiter-params-5.5.2.jar;E:\Study\Hadoop Study\apache-maven-3.6.0\repository\org\junit\jupiter\junit-jupiter-engine\5.5.2\junit-jupiter-engine-5.5.2.jar;E:\Study\Hadoop Study\apache-maven-3.6.0\repository\org\junit\platform\junit-platform-engine\1.5.2\junit-platform-engine-1.5.2.jar;E:\Study\Hadoop Study\apache-maven-3.6.0\repository\org\mockito\mockito-junit-jupiter\3.1.0\mockito-junit-jupiter-3.1.0.jar;E:\Study\Hadoop Study\apache-maven-3.6.0\repository\org\assertj\assertj-core\3.13.2\assertj-core-3.13.2.jar;E:\Study\Hadoop Study\apache-maven-3.6.0\repository\org\hamcrest\hamcrest\2.1\hamcrest-2.1.jar;E:\Study\Hadoop Study\apache-maven-3.6.0\repository\org\mockito\mockito-core\3.1.0\mockito-core-3.1.0.jar;E:\Study\Hadoop Study\apache-maven-3.6.0\repository\net\bytebuddy\byte-buddy-agent\1.10.6\byte-buddy-agent-1.10.6.jar;E:\Study\Hadoop Study\apache-maven-3.6.0\repository\org\objenesis\objenesis\2.6\objenesis-2.6.jar;E:\Study\Hadoop Study\apache-maven-3.6.0\repository\org\skyscreamer\jsonassert\1.5.0\jsonassert-1.5.0.jar;E:\Study\Hadoop Study\apache-maven-3.6.0\repository\com\vaadin\external\google\android-json\0.0.20131108.vaadin1\android-json-0.0.20131108.vaadin1.jar;E:\Study\Hadoop Study\apache-maven-3.6.0\repository\org\springframework\spring-core\5.2.3.RELEASE\spring-core-5.2.3.RELEASE.jar;E:\Study\Hadoop Study\apache-maven-3.6.0\repository\org\springframework\spring-jcl\5.2.3.RELEASE\spring-jcl-5.2.3.RELEASE.jar;E:\Study\Hadoop Study\apache-maven-3.6.0\repository\org\springframework\spring-test\5.2.3.RELEASE\spring-test-5.2.3.RELEASE.jar;E:\Study\Hadoop Study\apache-maven-3.6.0\repository\org\xmlunit\xmlunit-core\2.6.3\xmlunit-core-2.6.3.jar;"/>
    <property name="sun.cpu.endian" value="little"/>
    <property name="user.home" value="C:\Users\86157"/>
    <property name="user.language" value="zh"/>
    <property name="java.specification.vendor" value="Oracle Corporation"/>
    <property name="java.home" value="E:\Study\Java\JDK\jre"/>
    <property name="basedir" value="E:\Myself\Code\JavaWeb\MyBlog"/>
    <property name="file.separator" value="\"/>
    <property name="line.separator" value="&#10;"/>
    <property name="java.vm.specification.vendor" value="Oracle Corporation"/>
    <property name="java.specification.name" value="Java Platform API Specification"/>
    <property name="java.awt.graphicsenv" value="sun.awt.Win32GraphicsEnvironment"/>
    <property name="surefire.real.class.path" value="C:\Users\86157\AppData\Local\Temp\surefire2513846688477467558\surefirebooter2313017710622131116.jar"/>
    <property name="sun.boot.class.path" value="E:\Study\Java\JDK\jre\lib\resources.jar;E:\Study\Java\JDK\jre\lib\rt.jar;E:\Study\Java\JDK\jre\lib\sunrsasign.jar;E:\Study\Java\JDK\jre\lib\jsse.jar;E:\Study\Java\JDK\jre\lib\jce.jar;E:\Study\Java\JDK\jre\lib\charsets.jar;E:\Study\Java\JDK\jre\lib\jfr.jar;E:\Study\Java\JDK\jre\classes"/>
    <property name="user.script" value=""/>
    <property name="sun.management.compiler" value="HotSpot 64-Bit Tiered Compilers"/>
    <property name="java.runtime.version" value="1.8.0_201-b09"/>
    <property name="user.name" value="小朝"/>
    <property name="path.separator" value=";"/>
    <property name="os.version" value="10.0"/>
    <property name="java.endorsed.dirs" value="E:\Study\Java\JDK\jre\lib\endorsed"/>
    <property name="java.runtime.name" value="Java(TM) SE Runtime Environment"/>
    <property name="file.encoding" value="GBK"/>
    <property name="java.vm.name" value="Java HotSpot(TM) 64-Bit Server VM"/>
    <property name="localRepository" value="E:\Study\Hadoop Study\apache-maven-3.6.0\repository"/>
    <property name="java.vendor.url.bug" value="http://bugreport.sun.com/bugreport/"/>
    <property name="java.io.tmpdir" value="C:\Users\86157\AppData\Local\Temp\"/>
    <property name="java.version" value="1.8.0_201"/>
    <property name="user.dir" value="E:\Myself\Code\JavaWeb\MyBlog"/>
    <property name="os.arch" value="amd64"/>
    <property name="java.vm.specification.name" value="Java Virtual Machine Specification"/>
    <property name="java.awt.printerjob" value="sun.awt.windows.WPrinterJob"/>
    <property name="sun.os.patch.level" value=""/>
    <property name="idea.version2019.1" value="true"/>
    <property name="java.library.path" value="E:\Study\Java\JDK\jre\bin;C:\WINDOWS\Sun\Java\bin;C:\WINDOWS\system32;C:\WINDOWS;C:\WINDOWS\system32;C:\WINDOWS;C:\WINDOWS\System32\Wbem;C:\WINDOWS\System32\WindowsPowerShell\v1.0\;C:\WINDOWS\System32\OpenSSH\;E:\Study\Java\JDK\bin;E:\Study\Java\JDK\jre\bin;E:\Study\Python\Python\;E:\Study\Hadoop\apache-maven-3.6.0\bin;E:\MySQL Server\mysql-8.0.16-winx64\bin;E:\Study\Hadoop\hadoop-2.8.1-windows\bin;C:\Program Files\dotnet\;C:\Program Files\Microsoft SQL Server\130\Tools\Binn\;C:\Program Files\Microsoft SQL Server\Client SDK\ODBC\170\Tools\Binn\;E:\Study\MinGW64\bin;C:\Program Files\Microsoft SQL Server\120\DTS\Binn\;C:\Program Files\Microsoft SQL Server\Client SDK\ODBC\110\Tools\Binn\;C:\Program Files (x86)\Microsoft SQL Server\120\Tools\Binn\;C:\Program Files\Microsoft SQL Server\120\Tools\Binn\;C:\Program Files (x86)\Microsoft SQL Server\120\Tools\Binn\ManagementStudio\;C:\Program Files (x86)\Microsoft SQL Server\120\DTS\Binn\;C:\Users\86157\AppData\Local\Microsoft\WindowsApps;;E:\Fiddler;E:\Study\Microsoft VS Code\bin;E:\Bandizip\;."/>
    <property name="java.vm.info" value="mixed mode"/>
    <property name="java.vendor" value="Oracle Corporation"/>
    <property name="java.vm.version" value="25.201-b09"/>
    <property name="java.ext.dirs" value="E:\Study\Java\JDK\jre\lib\ext;C:\WINDOWS\Sun\Java\lib\ext"/>
    <property name="sun.io.unicode.encoding" value="UnicodeLittle"/>
    <property name="maven.repo.local" value="E:\Study\Hadoop Study\apache-maven-3.6.0\repository"/>
    <property name="java.class.version" value="52.0"/>
  </properties>
  <testcase name="contextLoads" classname="com.qiuzhao.blog.BlogApplicationTests" time="0.105"/>
</testsuite>